<?xml version="1.0" encoding="UTF-8"?>
<testng-results ignored="0" total="1" passed="1" failed="0" skipped="0">
  <reporter-output>
  </reporter-output>
  <suite started-at="2024-03-13T01:24:40Z" name="Surefire suite" finished-at="2024-03-13T01:24:40Z" duration-ms="87">
    <groups>
    </groups>
    <test started-at="2024-03-13T01:24:40Z" name="Surefire test" finished-at="2024-03-13T01:24:40Z" duration-ms="87">
      <class name="com.praneeth.AppTest">
        <test-method signature="shouldAnswerWithTrue()" started-at="2024-03-13T01:24:40Z" name="shouldAnswerWithTrue" finished-at="2024-03-13T01:24:40Z" duration-ms="9" status="PASS">
          <reporter-output>
          </reporter-output>
        </test-method> <!-- shouldAnswerWithTrue -->
      </class> <!-- com.praneeth.AppTest -->
    </test> <!-- Surefire test -->
  </suite> <!-- Surefire suite -->
</testng-results>
