<?xml version="1.0" encoding="UTF-8"?>
<!-- Generated by org.testng.reporters.JUnitXMLReporter -->
<testsuite ignored="0" hostname="praneeth" failures="0" tests="9" name="Surefire test" time="244.254" errors="0" timestamp="13 Mar 2024 01:24:40 GMT">
  <testcase classname="com.praneeth.CarTest" name="testCarMethods" time="0.028"/>
  <testcase classname="com.praneeth.CircleTest" name="calculateArea" time="0.001"/>
  <testcase classname="com.praneeth.CircleTest" name="calculatePerimeter" time="0.001"/>
  <testcase classname="com.praneeth.EbayTest" name="ebayValidateWatches" time="14.131"/>
  <testcase classname="com.praneeth.EbayTest" name="printAllProductsFromFirstPage" time="13.531"/>
  <testcase classname="com.praneeth.EbayTest" name="printAllProductsWithScroll" time="14.87"/>
  <testcase classname="com.praneeth.EbayTest" name="printNthProduct" time="17.504"/>
  <testcase classname="com.praneeth.EbayTest" name="printSearchResults" time="181.612"/>
  <testcase classname="com.praneeth.StudentTest" name="student" time="0.0"/>
</testsuite> <!-- Surefire test -->
