<?xml version="1.0" encoding="UTF-8"?>
<testng-results ignored="0" total="9" passed="9" failed="0" skipped="0">
  <reporter-output>
  </reporter-output>
  <suite started-at="2024-03-13T01:20:35Z" name="Surefire suite" finished-at="2024-03-13T01:24:40Z" duration-ms="244254">
    <groups>
    </groups>
    <test started-at="2024-03-13T01:20:35Z" name="Surefire test" finished-at="2024-03-13T01:24:40Z" duration-ms="244254">
      <class name="com.praneeth.StudentTest">
        <test-method signature="student()[pri:0, instance:com.praneeth.StudentTest@396e2f39]" started-at="2024-03-13T01:24:40Z" name="student" finished-at="2024-03-13T01:24:40Z" duration-ms="0" status="PASS">
          <reporter-output>
          </reporter-output>
        </test-method> <!-- student -->
      </class> <!-- com.praneeth.StudentTest -->
      <class name="com.praneeth.EbayTest">
        <test-method is-config="true" signature="beforeMethod()[pri:0, instance:com.praneeth.EbayTest@2de8284b]" started-at="2024-03-13T01:20:35Z" name="beforeMethod" finished-at="2024-03-13T01:20:35Z" duration-ms="2" status="PASS">
          <reporter-output>
          </reporter-output>
        </test-method> <!-- beforeMethod -->
        <test-method signature="ebayValidateWatches()[pri:0, instance:com.praneeth.EbayTest@2de8284b]" started-at="2024-03-13T01:20:35Z" name="ebayValidateWatches" finished-at="2024-03-13T01:20:49Z" duration-ms="14131" status="PASS">
          <reporter-output>
          </reporter-output>
        </test-method> <!-- ebayValidateWatches -->
        <test-method is-config="true" signature="afterMethod()[pri:0, instance:com.praneeth.EbayTest@2de8284b]" started-at="2024-03-13T01:20:49Z" name="afterMethod" finished-at="2024-03-13T01:20:50Z" duration-ms="497" status="PASS">
          <reporter-output>
          </reporter-output>
        </test-method> <!-- afterMethod -->
        <test-method is-config="true" signature="beforeMethod()[pri:0, instance:com.praneeth.EbayTest@2de8284b]" started-at="2024-03-13T01:20:50Z" name="beforeMethod" finished-at="2024-03-13T01:20:50Z" duration-ms="0" status="PASS">
          <reporter-output>
          </reporter-output>
        </test-method> <!-- beforeMethod -->
        <test-method signature="printAllProductsFromFirstPage()[pri:0, instance:com.praneeth.EbayTest@2de8284b]" started-at="2024-03-13T01:20:50Z" name="printAllProductsFromFirstPage" finished-at="2024-03-13T01:21:04Z" duration-ms="13531" status="PASS">
          <reporter-output>
          </reporter-output>
        </test-method> <!-- printAllProductsFromFirstPage -->
        <test-method is-config="true" signature="afterMethod()[pri:0, instance:com.praneeth.EbayTest@2de8284b]" started-at="2024-03-13T01:21:04Z" name="afterMethod" finished-at="2024-03-13T01:21:04Z" duration-ms="669" status="PASS">
          <reporter-output>
          </reporter-output>
        </test-method> <!-- afterMethod -->
        <test-method is-config="true" signature="beforeMethod()[pri:0, instance:com.praneeth.EbayTest@2de8284b]" started-at="2024-03-13T01:21:04Z" name="beforeMethod" finished-at="2024-03-13T01:21:04Z" duration-ms="0" status="PASS">
          <reporter-output>
          </reporter-output>
        </test-method> <!-- beforeMethod -->
        <test-method signature="printAllProductsWithScroll()[pri:0, instance:com.praneeth.EbayTest@2de8284b]" started-at="2024-03-13T01:21:04Z" name="printAllProductsWithScroll" finished-at="2024-03-13T01:21:19Z" duration-ms="14870" status="PASS">
          <reporter-output>
          </reporter-output>
        </test-method> <!-- printAllProductsWithScroll -->
        <test-method is-config="true" signature="afterMethod()[pri:0, instance:com.praneeth.EbayTest@2de8284b]" started-at="2024-03-13T01:21:19Z" name="afterMethod" finished-at="2024-03-13T01:21:20Z" duration-ms="498" status="PASS">
          <reporter-output>
          </reporter-output>
        </test-method> <!-- afterMethod -->
        <test-method is-config="true" signature="beforeMethod()[pri:0, instance:com.praneeth.EbayTest@2de8284b]" started-at="2024-03-13T01:21:20Z" name="beforeMethod" finished-at="2024-03-13T01:21:20Z" duration-ms="1" status="PASS">
          <reporter-output>
          </reporter-output>
        </test-method> <!-- beforeMethod -->
        <test-method signature="printNthProduct()[pri:0, instance:com.praneeth.EbayTest@2de8284b]" started-at="2024-03-13T01:21:20Z" name="printNthProduct" finished-at="2024-03-13T01:21:37Z" duration-ms="17504" status="PASS">
          <reporter-output>
          </reporter-output>
        </test-method> <!-- printNthProduct -->
        <test-method is-config="true" signature="afterMethod()[pri:0, instance:com.praneeth.EbayTest@2de8284b]" started-at="2024-03-13T01:21:37Z" name="afterMethod" finished-at="2024-03-13T01:21:37Z" duration-ms="391" status="PASS">
          <reporter-output>
          </reporter-output>
        </test-method> <!-- afterMethod -->
        <test-method is-config="true" signature="beforeMethod()[pri:0, instance:com.praneeth.EbayTest@2de8284b]" started-at="2024-03-13T01:21:37Z" name="beforeMethod" finished-at="2024-03-13T01:21:37Z" duration-ms="1" status="PASS">
          <reporter-output>
          </reporter-output>
        </test-method> <!-- beforeMethod -->
        <test-method signature="printSearchResults()[pri:0, instance:com.praneeth.EbayTest@2de8284b]" started-at="2024-03-13T01:21:37Z" name="printSearchResults" finished-at="2024-03-13T01:24:39Z" duration-ms="181612" status="PASS">
          <reporter-output>
          </reporter-output>
        </test-method> <!-- printSearchResults -->
        <test-method is-config="true" signature="afterMethod()[pri:0, instance:com.praneeth.EbayTest@2de8284b]" started-at="2024-03-13T01:24:39Z" name="afterMethod" finished-at="2024-03-13T01:24:40Z" duration-ms="458" status="PASS">
          <reporter-output>
          </reporter-output>
        </test-method> <!-- afterMethod -->
      </class> <!-- com.praneeth.EbayTest -->
      <class name="com.praneeth.CircleTest">
        <test-method signature="calculateArea()[pri:0, instance:com.praneeth.CircleTest@78ac1102]" started-at="2024-03-13T01:20:35Z" name="calculateArea" finished-at="2024-03-13T01:20:35Z" duration-ms="1" status="PASS">
          <reporter-output>
          </reporter-output>
        </test-method> <!-- calculateArea -->
        <test-method signature="calculatePerimeter()[pri:0, instance:com.praneeth.CircleTest@78ac1102]" started-at="2024-03-13T01:20:35Z" name="calculatePerimeter" finished-at="2024-03-13T01:20:35Z" duration-ms="1" status="PASS">
          <reporter-output>
          </reporter-output>
        </test-method> <!-- calculatePerimeter -->
      </class> <!-- com.praneeth.CircleTest -->
      <class name="com.praneeth.CarTest">
        <test-method signature="testCarMethods()[pri:0, instance:com.praneeth.CarTest@3891771e]" started-at="2024-03-13T01:20:35Z" name="testCarMethods" finished-at="2024-03-13T01:20:35Z" duration-ms="28" status="PASS">
          <reporter-output>
          </reporter-output>
        </test-method> <!-- testCarMethods -->
      </class> <!-- com.praneeth.CarTest -->
    </test> <!-- Surefire test -->
  </suite> <!-- Surefire suite -->
</testng-results>
